  Source.cpp
C:\Users\mikna\Desktop\IT\Programming\C++ Journey\Projects\Game\MineSweeper\MineSweeper\Source.cpp(49,95): warning C4244: 'argument': conversion from 'double' to 'T', possible loss of data
          with
          [
              T=float
          ]
C:\Users\mikna\Desktop\IT\Programming\C++ Journey\Projects\Game\MineSweeper\MineSweeper\Source.cpp(49,46): warning C4244: 'argument': conversion from 'double' to 'T', possible loss of data
          with
          [
              T=float
          ]
C:\Users\mikna\Desktop\IT\Programming\C++ Journey\Projects\Game\MineSweeper\MineSweeper\Source.cpp(54,30): warning C4244: 'argument': conversion from 'float' to 'unsigned int', possible loss of data
C:\Users\mikna\Desktop\IT\Programming\C++ Journey\Projects\Game\MineSweeper\MineSweeper\Source.cpp(78,22): warning C4018: '<': signed/unsigned mismatch
C:\Users\mikna\Desktop\IT\Programming\C++ Journey\Projects\Game\MineSweeper\MineSweeper\Source.cpp(117,70): warning C4244: 'argument': conversion from 'double' to 'T', possible loss of data
          with
          [
              T=float
          ]
C:\Users\mikna\Desktop\IT\Programming\C++ Journey\Projects\Game\MineSweeper\MineSweeper\Source.cpp(117,44): warning C4244: 'argument': conversion from 'double' to 'T', possible loss of data
          with
          [
              T=float
          ]
C:\Users\mikna\Desktop\IT\Programming\C++ Journey\Projects\Game\MineSweeper\MineSweeper\Source.cpp(868,63): warning C4244: '=': conversion from 'float' to 'int', possible loss of data
C:\Users\mikna\Desktop\IT\Programming\C++ Journey\Projects\Game\MineSweeper\MineSweeper\Source.cpp(1015,49): warning C4244: '=': conversion from 'unsigned int' to 'float', possible loss of data
C:\Users\mikna\Desktop\IT\Programming\C++ Journey\Projects\Game\MineSweeper\MineSweeper\Source.cpp(1020,45): warning C4244: 'argument': conversion from 'float' to 'unsigned int', possible loss of data
C:\Users\mikna\Desktop\IT\Programming\C++ Journey\Projects\Game\MineSweeper\MineSweeper\Source.cpp(1020,31): warning C4244: 'argument': conversion from 'float' to 'unsigned int', possible loss of data
C:\Users\mikna\Desktop\IT\Programming\C++ Journey\Projects\Game\MineSweeper\MineSweeper\Source.cpp(1025,10): warning C4244: '=': conversion from 'int' to 'float', possible loss of data
C:\Users\mikna\Desktop\IT\Programming\C++ Journey\Projects\Game\MineSweeper\MineSweeper\Source.cpp(1030,45): warning C4244: 'argument': conversion from 'float' to 'unsigned int', possible loss of data
C:\Users\mikna\Desktop\IT\Programming\C++ Journey\Projects\Game\MineSweeper\MineSweeper\Source.cpp(1030,31): warning C4244: 'argument': conversion from 'float' to 'unsigned int', possible loss of data
  Generating code
  1 of 252 functions ( 0.4%) were compiled, the rest were copied from previous compilation.
    0 functions were new in current compilation
    1 functions had inline decision re-evaluated but remain unchanged
  Finished generating code
  MineSweeper.vcxproj -> C:\Users\mikna\Desktop\IT\Programming\C++ Journey\Projects\Game\MineSweeper\Release\MineSweeper.exe
